<?xml version="1.0" encoding="UTF-8"?>
<!-- Generated by org.testng.reporters.JUnitReportReporter -->
<testsuite hostname="DESKTOP-T7JAFO0" name="testbdidu.testbaidu" tests="1" failures="0" timestamp="14 Mar 2019 08:18:03 GMT" time="13.219" errors="0">
  <testcase name="login" time="13.219" classname="testbdidu.testbaidu"/>
</testsuite> <!-- testbdidu.testbaidu -->
