<?xml version="1.0" encoding="UTF-8"?>
<!-- Generated by org.testng.reporters.JUnitReportReporter -->
<testsuite hostname="DESKTOP-T7JAFO0" name="testbdidu.testbaidu" tests="1" failures="0" timestamp="20 Mar 2019 00:57:20 GMT" time="2.089" errors="0">
  <testcase name="login" time="2.089" classname="testbdidu.testbaidu"/>
</testsuite> <!-- testbdidu.testbaidu -->
